<?xml version="1.0" encoding="UTF-8"?>
<!-- Generated by org.testng.reporters.JUnitReportReporter -->
<testsuite skipped="0" hostname="LAPTOP-M4N4JHAP" name="Acacemy.VerifyingElementsareClickable" tests="15" failures="1" timestamp="2021-03-14T15:52:28 GMT" time="72.472" errors="0">
  <testcase name="number6" time="5.118" classname="Acacemy.VerifyingElementsareClickable"/>
  <system-out/>
  <testcase name="minus" time="5.149" classname="Acacemy.VerifyingElementsareClickable"/>
  <system-out/>
  <testcase name="number5" time="5.188" classname="Acacemy.VerifyingElementsareClickable"/>
  <system-out/>
  <testcase name="multiply" time="5.138" classname="Acacemy.VerifyingElementsareClickable"/>
  <system-out/>
  <testcase name="clear" time="0.171" classname="Acacemy.VerifyingElementsareClickable"/>
  <system-out/>
  <testcase name="divide" time="5.289" classname="Acacemy.VerifyingElementsareClickable"/>
  <system-out/>
  <testcase name="number8" time="5.139" classname="Acacemy.VerifyingElementsareClickable"/>
  <system-out/>
  <testcase name="plus" time="5.212" classname="Acacemy.VerifyingElementsareClickable"/>
  <system-out/>
  <testcase name="number4" time="5.185" classname="Acacemy.VerifyingElementsareClickable"/>
  <system-out/>
  <testcase name="number3" time="5.168" classname="Acacemy.VerifyingElementsareClickable"/>
  <system-out/>
  <testcase name="number1" time="5.135" classname="Acacemy.VerifyingElementsareClickable"/>
  <system-out/>
  <testcase name="number0" time="5.138" classname="Acacemy.VerifyingElementsareClickable"/>
  <system-out/>
  <testcase name="number9" time="5.138" classname="Acacemy.VerifyingElementsareClickable"/>
  <system-out/>
  <testcase name="number2" time="5.134" classname="Acacemy.VerifyingElementsareClickable"/>
  <system-out/>
  <testcase name="number7" time="5.170" classname="Acacemy.VerifyingElementsareClickable">
    <failure type="java.lang.AssertionError" message="PASSED expected [7] but found [77]">
      <![CDATA[java.lang.AssertionError: PASSED expected [7] but found [77]
at org.testng.Assert.fail(Assert.java:99)
at org.testng.Assert.failNotEquals(Assert.java:1037)
at org.testng.Assert.assertEqualsImpl(Assert.java:140)
at org.testng.Assert.assertEquals(Assert.java:122)
at org.testng.Assert.assertEquals(Assert.java:629)
at Acacemy.VerifyingElementsareClickable.number7(VerifyingElementsareClickable.java:133)
at sun.reflect.NativeMethodAccessorImpl.invoke0(Native Method)
at sun.reflect.NativeMethodAccessorImpl.invoke(NativeMethodAccessorImpl.java:62)
at sun.reflect.DelegatingMethodAccessorImpl.invoke(DelegatingMethodAccessorImpl.java:43)
at java.lang.reflect.Method.invoke(Method.java:498)
at org.testng.internal.MethodInvocationHelper.invokeMethod(MethodInvocationHelper.java:132)
at org.testng.internal.TestInvoker.invokeMethod(TestInvoker.java:599)
at org.testng.internal.TestInvoker.invokeTestMethod(TestInvoker.java:174)
at org.testng.internal.MethodRunner.runInSequence(MethodRunner.java:46)
at org.testng.internal.TestInvoker$MethodInvocationAgent.invoke(TestInvoker.java:822)
at org.testng.internal.TestInvoker.invokeTestMethods(TestInvoker.java:147)
at org.testng.internal.TestMethodWorker.invokeTestMethods(TestMethodWorker.java:146)
at org.testng.internal.TestMethodWorker.run(TestMethodWorker.java:128)
at java.util.ArrayList.forEach(ArrayList.java:1257)
at org.testng.TestRunner.privateRun(TestRunner.java:764)
at org.testng.TestRunner.run(TestRunner.java:585)
at org.testng.SuiteRunner.runTest(SuiteRunner.java:384)
at org.testng.SuiteRunner.access$000(SuiteRunner.java:28)
at org.testng.SuiteRunner$SuiteWorker.run(SuiteRunner.java:425)
at org.testng.internal.thread.ThreadUtil.lambda$execute$0(ThreadUtil.java:66)
at java.util.concurrent.FutureTask.run(FutureTask.java:266)
at java.util.concurrent.ThreadPoolExecutor.runWorker(ThreadPoolExecutor.java:1149)
at java.util.concurrent.ThreadPoolExecutor$Worker.run(ThreadPoolExecutor.java:624)
at java.lang.Thread.run(Thread.java:748)
]]>
    </failure>
  </testcase> <!-- number7 -->
  <system-out/>
</testsuite> <!-- Acacemy.VerifyingElementsareClickable -->
